


ARM Macro Assembler    Page 1 


    1 00000000         ;/*-----------------------------------------------------
                       ----------------------------------------------------*/
    2 00000000         ;/* Holtek Semiconductor Inc.                           
                                                                           */
    3 00000000         ;/*                                                     
                                                                           */
    4 00000000         ;/* Copyright (C) Holtek Semiconductor Inc.             
                                                                           */
    5 00000000         ;/* All rights reserved.                                
                                                                           */
    6 00000000         ;/*                                                     
                                                                           */
    7 00000000         ;/*-----------------------------------------------------
                       ------------------------------------------------------
    8 00000000         ;  File Name        : startup_ht32f5xxxx_01.s
    9 00000000         ;  Version          : $Rev:: 6526         $
   10 00000000         ;  Date             : $Date:: 2022-12-07 #$
   11 00000000         ;  Description      : Startup code.
   12 00000000         ;-------------------------------------------------------
                       ----------------------------------------------------*/
   13 00000000         
   14 00000000         ;  Supported Device
   15 00000000         ;  ========================================
   16 00000000         ;   HT32F52220, HT32F52230
   17 00000000         ;   HT32F52231, HT32F52241
   18 00000000         ;   HT32F52331, HT32F52341
   19 00000000         ;   HT32F52342, HT32F52352
   20 00000000         ;   HT32F52243, HT32F52253
   21 00000000         ;   HT32F0008
   22 00000000         ;   HT32F52344, HT32F52354
   23 00000000         ;   HT32F0006
   24 00000000         ;   HT32F61352
   25 00000000         ;   HT50F32003
   26 00000000         ;   HT32F67741
   27 00000000         ;   HT32F67232
   28 00000000         ;   HT32F67233
   29 00000000         
   30 00000000         ;/* <<< Use Configuration Wizard in Context Menu >>>    
                                                                           */
   31 00000000         
   32 00000000         ;// <o>  HT32 Device
   33 00000000         ;// <i> Select HT32 Device for the assembly setting. 
   34 00000000         ;// <i> Notice that the project's Asm Define has the hig
                       her priority.
   35 00000000         ;//      <0=> By Project Asm Define
   36 00000000         ;//      <1=> HT32F52220/30
   37 00000000         ;//      <2=> HT32F52231/41
   38 00000000         ;//      <3=> HT32F52331/41
   39 00000000         ;//      <4=> HT32F52342/52
   40 00000000         ;//      <5=> HT32F52243/53
   41 00000000         ;//      <6=> HT32F0008
   42 00000000         ;//      <9=> HT32F52344/54
   43 00000000         ;//      <10=> HT32F0006
   44 00000000         ;//      <10=> HT32F61352
   45 00000000         ;//      <4=> HT50F32003
   46 00000000         ;//      <2=> HT32F67741
   47 00000000         ;//      <1=> HT32F67232
   48 00000000         ;//      <1=> HT32F67233
   49 00000000 00000000 



ARM Macro Assembler    Page 2 


                       USE_HT32_CHIP_SET
                               EQU              0           ; Notice that the p
                                                            roject's Asm Define
                                                             has the higher pri
                                                            ority.
   50 00000000         
   51 00000000 FFFFFFFF 
                       _HT32FWID
                               EQU              0xFFFFFFFF
   52 00000000         ;_HT32FWID           EQU     0x00052220
   53 00000000         ;_HT32FWID           EQU     0x00052230
   54 00000000         ;_HT32FWID           EQU     0x00052231
   55 00000000         ;_HT32FWID           EQU     0x00052241
   56 00000000         ;_HT32FWID           EQU     0x00052331
   57 00000000         ;_HT32FWID           EQU     0x00052341
   58 00000000         ;_HT32FWID           EQU     0x00052342
   59 00000000         ;_HT32FWID           EQU     0x00052352
   60 00000000         ;_HT32FWID           EQU     0x00052243
   61 00000000         ;_HT32FWID           EQU     0x00052253
   62 00000000         ;_HT32FWID           EQU     0x00000008
   63 00000000         ;_HT32FWID           EQU     0x00052344
   64 00000000         ;_HT32FWID           EQU     0x00052354
   65 00000000         ;_HT32FWID           EQU     0x00000006
   66 00000000         ;_HT32FWID           EQU     0x00061352
   67 00000000         ;_HT32FWID           EQU     0x00032003
   68 00000000         ;_HT32FWID           EQU     0x00067741
   69 00000000         ;_HT32FWID           EQU     0x00067232
   70 00000000         ;_HT32FWID           EQU     0x00067233
   71 00000000         
   72 00000000 00000001 
                       HT32F52220_30
                               EQU              1
   73 00000000 00000002 
                       HT32F52231_41
                               EQU              2
   74 00000000 00000003 
                       HT32F52331_41
                               EQU              3
   75 00000000 00000004 
                       HT32F52342_52
                               EQU              4
   76 00000000 00000005 
                       HT32F52243_53
                               EQU              5
   77 00000000 00000006 
                       HT32F0008
                               EQU              6
   78 00000000 00000009 
                       HT32F52344_54
                               EQU              9
   79 00000000 0000000A 
                       HT32F0006
                               EQU              10
   80 00000000 0000000A 
                       HT32F61352
                               EQU              10
   81 00000000 00000004 
                       HT50F32003
                               EQU              4



ARM Macro Assembler    Page 3 


   82 00000000 00000002 
                       HT32F67741
                               EQU              2
   83 00000000 00000001 
                       HT32F67232
                               EQU              1
   84 00000000 00000001 
                       HT32F67233
                               EQU              1
   85 00000000         
   86 00000000                 IF               USE_HT32_CHIP_SET=0
   87 00000000         ; Use project's Asm Define setting (default)
   88 00000000                 ELSE
   95                          ENDIF
   96 00000000         
   97 00000000         ; Amount of memory (in bytes) allocated for Stack and He
                       ap
   98 00000000         ; Tailor those values to your application needs
   99 00000000         ;//   <o> Stack Size (in Bytes, must 8 byte aligned) <0-
                       16384:8>
  100 00000000 00000C00 
                       Stack_Size
                               EQU              3072
  101 00000000         
  102 00000000                 AREA             STACK, NOINIT, READWRITE, ALIGN
 = 3
  103 00000000         __HT_check_sp
  104 00000000         Stack_Mem
                               SPACE            Stack_Size
  105 00000C00         __initial_sp
  106 00000C00         
  107 00000C00         ;//   <o>  Heap Size (in Bytes) <0-16384:8>
  108 00000C00 00000000 
                       Heap_Size
                               EQU              0
  109 00000C00         
  110 00000C00                 AREA             HEAP, NOINIT, READWRITE, ALIGN 
= 3
  111 00000000         __HT_check_heap
  112 00000000         __heap_base
  113 00000000         Heap_Mem
                               SPACE            Heap_Size
  114 00000000         __heap_limit
  115 00000000         
  116 00000000                 PRESERVE8
  117 00000000                 THUMB
  118 00000000         
  119 00000000         ;*******************************************************
                       ************************
  120 00000000         ; Fill-up the Vector Table entries with the exceptions I
                       SR address
  121 00000000         ;*******************************************************
                       ************************
  122 00000000                 AREA             RESET, CODE, READONLY
  123 00000000                 EXPORT           __Vectors
  124 00000000 FFFFFFFF 
                       _RESERVED
                               EQU              0xFFFFFFFF
  125 00000000         __Vectors



ARM Macro Assembler    Page 4 


  126 00000000 00000000        DCD              __initial_sp ; ---, 00, 0x000, 
                                                            Top address of Stac
                                                            k
  127 00000004 00000000        DCD              Reset_Handler ; ---, 01, 0x004,
                                                             Reset Handler
  128 00000008 00000000        DCD              NMI_Handler ; -14, 02, 0x008, N
                                                            MI Handler
  129 0000000C 00000000        DCD              HardFault_Handler ; -13, 03, 0x
                                                            00C, Hard Fault Han
                                                            dler
  130 00000010 FFFFFFFF        DCD              _RESERVED   ; ---, 04, 0x010, R
                                                            eserved
  131 00000014 FFFFFFFF        DCD              _RESERVED   ; ---, 05, 0x014, R
                                                            eserved
  132 00000018 FFFFFFFF        DCD              _RESERVED   ; ---, 06, 0x018, R
                                                            eserved
  133 0000001C FFFFFFFF        DCD              _RESERVED   ; ---, 07, 0x01C, R
                                                            eserved
  134 00000020 FFFFFFFF        DCD              _HT32FWID   ; ---, 08, 0x020, R
                                                            eserved
  135 00000024 FFFFFFFF        DCD              _RESERVED   ; ---, 09, 0x024, R
                                                            eserved
  136 00000028 FFFFFFFF        DCD              _RESERVED   ; ---, 10, 0x028, R
                                                            eserved
  137 0000002C 00000000        DCD              SVC_Handler ; -05, 11, 0x02C, S
                                                            VC Handler
  138 00000030 FFFFFFFF        DCD              _RESERVED   ; ---, 12, 0x030, R
                                                            eserved
  139 00000034 FFFFFFFF        DCD              _RESERVED   ; ---, 13, 0x034, R
                                                            eserved
  140 00000038 00000000        DCD              PendSV_Handler ; -02, 14, 0x038
                                                            , PendSV Handler
  141 0000003C 00000000        DCD              SysTick_Handler ; -01, 15, 0x03
                                                            C, SysTick Handler
  142 00000040         
  143 00000040         ; External Interrupt Handler
  144 00000040 00000000        DCD              LVD_BOD_IRQHandler 
                                                            ;  00, 16, 0x040,
  145 00000044                 IF               (USE_HT32_CHIP=HT32F52220_30)
  148 00000044 00000000        DCD              RTC_IRQHandler 
                                                            ;  01, 17, 0x044,
  149 00000048                 ENDIF
  150 00000048 00000000        DCD              FLASH_IRQHandler 
                                                            ;  02, 18, 0x048,
  151 0000004C 00000000        DCD              EVWUP_IRQHandler 
                                                            ;  03, 19, 0x04C,
  152 00000050 00000000        DCD              EXTI0_1_IRQHandler 
                                                            ;  04, 20, 0x050,
  153 00000054 00000000        DCD              EXTI2_3_IRQHandler 
                                                            ;  05, 21, 0x054,
  154 00000058 00000000        DCD              EXTI4_15_IRQHandler 
                                                            ;  06, 22, 0x058,
  155 0000005C                 IF               (USE_HT32_CHIP=HT32F52342_52) |
| (USE_HT32_CHIP=HT32F52344_54)
  156 0000005C 00000000        DCD              COMP_IRQHandler 
                                                            ;  07, 23, 0x05C,
  157 00000060                 ELSE
  159                          ENDIF
  160 00000060                 IF               (USE_HT32_CHIP=HT32F0008)



ARM Macro Assembler    Page 5 


  163 00000060 00000000        DCD              ADC_IRQHandler 
                                                            ;  08, 24, 0x060,
  164 00000064                 ENDIF
  165 00000064                 IF               (USE_HT32_CHIP=HT32F52243_53)
  168 00000064 FFFFFFFF        DCD              _RESERVED   ;  09, 25, 0x064,
  169 00000068                 ENDIF
  170 00000068                 IF               (USE_HT32_CHIP=HT32F52220_30) |
| (USE_HT32_CHIP=HT32F0008) || (USE_HT32_CHIP=HT32F0006)
  173 00000068 00000000        DCD              MCTM0_IRQHandler 
                                                            ;  10, 26, 0x068,
  174 0000006C                 ENDIF
  175 0000006C                 IF               (USE_HT32_CHIP=HT32F52342_52)
  176 0000006C 00000000        DCD              GPTM1_IRQHandler 
                                                            ;  11, 27, 0x06C,
  177 00000070                 ELSE
  179                          ENDIF
  180 00000070 00000000        DCD              GPTM0_IRQHandler 
                                                            ;  12, 28, 0x070,
  181 00000074                 IF               (USE_HT32_CHIP=HT32F0008)
  185 00000074 00000000        DCD              SCTM0_IRQHandler 
                                                            ;  13, 29, 0x074,
  186 00000078 00000000        DCD              SCTM1_IRQHandler 
                                                            ;  14, 30, 0x078,
  187 0000007C                 ENDIF
  188 0000007C                 IF               (USE_HT32_CHIP=HT32F52231_41) |
| (USE_HT32_CHIP=HT32F52331_41) || (USE_HT32_CHIP=HT32F52243_53) || (USE_HT32_C
HIP=HT32F0006)
  191                          ENDIF
  192 0000007C                 IF               (USE_HT32_CHIP=HT32F0008)
  195                          ENDIF
  196 0000007C                 IF               (USE_HT32_CHIP=HT32F52220_30) |
| (USE_HT32_CHIP=HT32F52342_52) || (USE_HT32_CHIP=HT32F52344_54)
  197 0000007C FFFFFFFF        DCD              _RESERVED   ;  15, 31, 0x07C,
  198 00000080 FFFFFFFF        DCD              _RESERVED   ;  16, 32, 0x080,
  199 00000084                 ENDIF
  200 00000084 00000000        DCD              BFTM0_IRQHandler 
                                                            ;  17, 33, 0x084,
  201 00000088                 IF               (USE_HT32_CHIP=HT32F52220_30)
  204 00000088 00000000        DCD              BFTM1_IRQHandler 
                                                            ;  18, 34, 0x088,
  205 0000008C                 ENDIF
  206 0000008C 00000000        DCD              I2C0_IRQHandler 
                                                            ;  19, 35, 0x08C,
  207 00000090                 IF               (USE_HT32_CHIP=HT32F52220_30) |
| (USE_HT32_CHIP=HT32F0008) || (USE_HT32_CHIP=HT32F52344_54) || (USE_HT32_CHIP=
HT32F0006)
  210 00000090 00000000        DCD              I2C1_IRQHandler 
                                                            ;  20, 36, 0x090,
  211 00000094                 ENDIF
  212 00000094 00000000        DCD              SPI0_IRQHandler 
                                                            ;  21, 37, 0x094,
  213 00000098                 IF               (USE_HT32_CHIP=HT32F52220_30) |
| (USE_HT32_CHIP=HT32F0008)
  216 00000098                 IF               (USE_HT32_CHIP=HT32F0006)
  219 00000098 00000000        DCD              SPI1_IRQHandler 
                                                            ;  22, 38, 0x098,
  220 0000009C                 ENDIF
  221 0000009C                 ENDIF
  222 0000009C                 IF               (USE_HT32_CHIP=HT32F52344_54)



ARM Macro Assembler    Page 6 


  225 0000009C 00000000        DCD              USART0_IRQHandler 
                                                            ;  23, 39, 0x09C,
  226 000000A0                 ENDIF
  227 000000A0                 IF               (USE_HT32_CHIP=HT32F52342_52) |
| (USE_HT32_CHIP=HT32F52243_53)
  228 000000A0 00000000        DCD              USART1_IRQHandler 
                                                            ;  24, 40, 0x0A0,
  229 000000A4                 ELSE
  231                          ENDIF
  232 000000A4 00000000        DCD              UART0_IRQHandler 
                                                            ;  25, 41, 0x0A4,
  233 000000A8                 IF               (USE_HT32_CHIP=HT32F52220_30) |
| (USE_HT32_CHIP=HT32F0008) || (USE_HT32_CHIP=HT32F0006)
  236 000000A8 00000000        DCD              UART1_IRQHandler 
                                                            ;  26, 42, 0x0A8,
  237 000000AC                 ENDIF
  238 000000AC                 IF               (USE_HT32_CHIP=HT32F52331_41) |
| (USE_HT32_CHIP=HT32F52342_52)
  239 000000AC 00000000        DCD              SCI_IRQHandler 
                                                            ;  27, 43, 0x0AC,
  240 000000B0                 ENDIF
  241 000000B0                 IF               (USE_HT32_CHIP=HT32F52243_53)
  243                          ENDIF
  244 000000B0                 IF               (USE_HT32_CHIP=HT32F0006)
  246                          ENDIF
  247 000000B0                 IF               (USE_HT32_CHIP=HT32F0008) || (U
SE_HT32_CHIP=HT32F52344_54)
  249                          ENDIF
  250 000000B0                 IF               (USE_HT32_CHIP=HT32F52342_52) |
| (USE_HT32_CHIP=HT32F0006)
  251 000000B0 00000000        DCD              I2S_IRQHandler 
                                                            ;  28, 44, 0x0B0,
  252 000000B4                 ENDIF
  253 000000B4                 IF               (USE_HT32_CHIP=HT32F52331_41) |
| (USE_HT32_CHIP=HT32F52344_54)
  255                          ENDIF
  256 000000B4                 IF               (USE_HT32_CHIP=HT32F52243_53)
  258                          ENDIF
  259 000000B4                 IF               (USE_HT32_CHIP=HT32F0008)
  261                          ENDIF
  262 000000B4                 IF               (USE_HT32_CHIP=HT32F52331_41) |
| (USE_HT32_CHIP=HT32F52342_52) || (USE_HT32_CHIP=HT32F0008) || (USE_HT32_CHIP=
HT32F52344_54) || (USE_HT32_CHIP=HT32F0006)
  263 000000B4 00000000        DCD              USB_IRQHandler 
                                                            ;  29, 45, 0x0B4,
  264 000000B8                 ENDIF
  265 000000B8                 IF               (USE_HT32_CHIP=HT32F52243_53)
  267                          ENDIF
  268 000000B8                 IF               (USE_HT32_CHIP=HT32F52342_52) |
| (USE_HT32_CHIP=HT32F52243_53) || (USE_HT32_CHIP=HT32F0008) || (USE_HT32_CHIP=
HT32F52344_54) || (USE_HT32_CHIP=HT32F0006)
  269 000000B8 00000000        DCD              PDMA_CH0_1_IRQHandler 
                                                            ;  30, 46, 0x0B8,
  270 000000BC 00000000        DCD              PDMA_CH2_5_IRQHandler 
                                                            ;  31, 47, 0x0BC,
  271 000000C0                 ENDIF
  272 000000C0         
  273 000000C0         ; Reset handler routine
  274 000000C0         Reset_Handler



ARM Macro Assembler    Page 7 


                               PROC
  275 000000C0                 EXPORT           Reset_Handler                  
 [WEAK]
  276 000000C0                 IMPORT           SystemInit
  277 000000C0                 IMPORT           __main
  278 000000C0 4820            LDR              R0, =BootProcess
  279 000000C2 4780            BLX              R0
  280 000000C4 4820            LDR              R0, =SystemInit
  281 000000C6 4780            BLX              R0
  282 000000C8 4820            LDR              R0, =__main
  283 000000CA 4700            BX               R0
  284 000000CC                 ENDP
  285 000000CC         
  286 000000CC         BootProcess
                               PROC
  287 000000CC 4820            LDR              R0, =0x40080300
  288 000000CE 6901            LDR              R1,[R0, #0x10]
  289 000000D0 2900            CMP              R1, #0
  290 000000D2 D108            BNE              BP1
  291 000000D4 6941            LDR              R1,[R0, #0x14]
  292 000000D6 2900            CMP              R1, #0
  293 000000D8 D105            BNE              BP1
  294 000000DA 6981            LDR              R1,[R0, #0x18]
  295 000000DC 2900            CMP              R1, #0
  296 000000DE D102            BNE              BP1
  297 000000E0 69C1            LDR              R1,[R0, #0x1C]
  298 000000E2 2900            CMP              R1, #0
  299 000000E4 D009            BEQ              BP2
  300 000000E6 481B    BP1     LDR              R0, =0x40080180
  301 000000E8 68C1            LDR              R1,[R0, #0xC]
  302 000000EA 0109            LSLS             R1, R1, #4
  303 000000EC 0D09            LSRS             R1, R1, #20
  304 000000EE 2900            CMP              R1, #0
  305 000000F0 D00E            BEQ              BP3
  306 000000F2 2905            CMP              R1, #5
  307 000000F4 D00C            BEQ              BP3
  308 000000F6 2906            CMP              R1, #6
  309 000000F8 D00A            BEQ              BP3
  310 000000FA F3BF 8F4F 
                       BP2     DSB
  311 000000FE 4816            LDR              R0, =0x20000000
  312 00000100 4916            LDR              R1, =0x05fa0004
  313 00000102 6001            STR              R1, [R0]
  314 00000104 4916            LDR              R1, =0xe000ed00
  315 00000106 4815            LDR              R0, =0x05fa0004
  316 00000108 60C8            STR              R0, [R1, #0xC]
  317 0000010A F3BF 8F4F       DSB
  318 0000010E E7FE            B                .
  319 00000110 4811    BP3     LDR              R0, =0x20000000
  320 00000112 6801            LDR              R1, [R0]
  321 00000114 4811            LDR              R0, =0x05fa0004
  322 00000116 4288            CMP              R0, R1
  323 00000118 D000            BEQ              BP4
  324 0000011A 4770            BX               LR
  325 0000011C 4811    BP4     LDR              R0, =0x40088100
  326 0000011E 4912            LDR              R1, =0x00000001
  327 00000120 6001            STR              R1, [R0]
  328 00000122 480D            LDR              R0, =0x20000000
  329 00000124 4911            LDR              R1, =0x0



ARM Macro Assembler    Page 8 


  330 00000126 6001            STR              R1, [R0]
  331 00000128 4770            BX               LR
  332 0000012A                 ENDP
  333 0000012A         
  334 0000012A         ; Dummy Exception Handlers
  335 0000012A         NMI_Handler
                               PROC
  336 0000012A                 EXPORT           NMI_Handler                    
 [WEAK]
  337 0000012A E7FE            B                .
  338 0000012C                 ENDP
  339 0000012C         
  340 0000012C         HardFault_Handler
                               PROC
  341 0000012C                 EXPORT           HardFault_Handler              
 [WEAK]
  342 0000012C E7FE            B                .
  343 0000012E                 ENDP
  344 0000012E         
  345 0000012E         SVC_Handler
                               PROC
  346 0000012E                 EXPORT           SVC_Handler                    
 [WEAK]
  347 0000012E E7FE            B                .
  348 00000130                 ENDP
  349 00000130         
  350 00000130         PendSV_Handler
                               PROC
  351 00000130                 EXPORT           PendSV_Handler                 
 [WEAK]
  352 00000130 E7FE            B                .
  353 00000132                 ENDP
  354 00000132         
  355 00000132         SysTick_Handler
                               PROC
  356 00000132                 EXPORT           SysTick_Handler                
 [WEAK]
  357 00000132 E7FE            B                .
  358 00000134                 ENDP
  359 00000134         
  360 00000134         Default_Handler
                               PROC
  361 00000134                 EXPORT           LVD_BOD_IRQHandler             
 [WEAK]
  362 00000134                 EXPORT           RTC_IRQHandler                 
 [WEAK]
  363 00000134                 EXPORT           FLASH_IRQHandler               
 [WEAK]
  364 00000134                 EXPORT           EVWUP_IRQHandler               
 [WEAK]
  365 00000134                 EXPORT           EXTI0_1_IRQHandler             
 [WEAK]
  366 00000134                 EXPORT           EXTI2_3_IRQHandler             
 [WEAK]
  367 00000134                 EXPORT           EXTI4_15_IRQHandler            
 [WEAK]
  368 00000134                 EXPORT           COMP_IRQHandler                
 [WEAK]
  369 00000134                 EXPORT           ADC_IRQHandler                 



ARM Macro Assembler    Page 9 


 [WEAK]
  370 00000134                 EXPORT           MCTM0_IRQHandler               
 [WEAK]
  371 00000134                 EXPORT           GPTM1_IRQHandler               
 [WEAK]
  372 00000134                 EXPORT           GPTM0_IRQHandler               
 [WEAK]
  373 00000134                 EXPORT           SCTM0_IRQHandler               
 [WEAK]
  374 00000134                 EXPORT           SCTM1_IRQHandler               
 [WEAK]
  375 00000134                 EXPORT           SCTM2_IRQHandler               
 [WEAK]
  376 00000134                 EXPORT           SCTM3_IRQHandler               
 [WEAK]
  377 00000134                 EXPORT           PWM0_IRQHandler                
 [WEAK]
  378 00000134                 EXPORT           PWM1_IRQHandler                
 [WEAK]
  379 00000134                 EXPORT           BFTM0_IRQHandler               
 [WEAK]
  380 00000134                 EXPORT           BFTM1_IRQHandler               
 [WEAK]
  381 00000134                 EXPORT           I2C0_IRQHandler                
 [WEAK]
  382 00000134                 EXPORT           I2C1_IRQHandler                
 [WEAK]
  383 00000134                 EXPORT           I2C2_IRQHandler                
 [WEAK]
  384 00000134                 EXPORT           SPI0_IRQHandler                
 [WEAK]
  385 00000134                 EXPORT           SPI1_IRQHandler                
 [WEAK]
  386 00000134                 EXPORT           QSPI_IRQHandler                
 [WEAK]
  387 00000134                 EXPORT           USART0_IRQHandler              
 [WEAK]
  388 00000134                 EXPORT           USART1_IRQHandler              
 [WEAK]
  389 00000134                 EXPORT           UART0_IRQHandler               
 [WEAK]
  390 00000134                 EXPORT           UART1_IRQHandler               
 [WEAK]
  391 00000134                 EXPORT           UART2_IRQHandler               
 [WEAK]
  392 00000134                 EXPORT           UART3_IRQHandler               
 [WEAK]
  393 00000134                 EXPORT           SCI_IRQHandler                 
 [WEAK]
  394 00000134                 EXPORT           MIDI_IRQHandler                
 [WEAK]
  395 00000134                 EXPORT           I2S_IRQHandler                 
 [WEAK]
  396 00000134                 EXPORT           AES_IRQHandler                 
 [WEAK]
  397 00000134                 EXPORT           USB_IRQHandler                 
 [WEAK]
  398 00000134                 EXPORT           PDMA_CH0_1_IRQHandler          
 [WEAK]



ARM Macro Assembler    Page 10 


  399 00000134                 EXPORT           PDMA_CH2_5_IRQHandler          
 [WEAK]
  400 00000134         
  401 00000134         LVD_BOD_IRQHandler
  402 00000134         RTC_IRQHandler
  403 00000134         FLASH_IRQHandler
  404 00000134         EVWUP_IRQHandler
  405 00000134         EXTI0_1_IRQHandler
  406 00000134         EXTI2_3_IRQHandler
  407 00000134         EXTI4_15_IRQHandler
  408 00000134         COMP_IRQHandler
  409 00000134         ADC_IRQHandler
  410 00000134         MCTM0_IRQHandler
  411 00000134         GPTM1_IRQHandler
  412 00000134         GPTM0_IRQHandler
  413 00000134         SCTM0_IRQHandler
  414 00000134         SCTM1_IRQHandler
  415 00000134         SCTM2_IRQHandler
  416 00000134         SCTM3_IRQHandler
  417 00000134         PWM0_IRQHandler
  418 00000134         PWM1_IRQHandler
  419 00000134         BFTM0_IRQHandler
  420 00000134         BFTM1_IRQHandler
  421 00000134         I2C0_IRQHandler
  422 00000134         I2C1_IRQHandler
  423 00000134         I2C2_IRQHandler
  424 00000134         SPI0_IRQHandler
  425 00000134         SPI1_IRQHandler
  426 00000134         QSPI_IRQHandler
  427 00000134         USART0_IRQHandler
  428 00000134         USART1_IRQHandler
  429 00000134         UART0_IRQHandler
  430 00000134         UART1_IRQHandler
  431 00000134         UART2_IRQHandler
  432 00000134         UART3_IRQHandler
  433 00000134         SCI_IRQHandler
  434 00000134         MIDI_IRQHandler
  435 00000134         I2S_IRQHandler
  436 00000134         AES_IRQHandler
  437 00000134         USB_IRQHandler
  438 00000134         PDMA_CH0_1_IRQHandler
  439 00000134         PDMA_CH2_5_IRQHandler
  440 00000134 E7FE            B                .
  441 00000136                 ENDP
  442 00000136         
  443 00000136 00 00           ALIGN
  444 00000138         
  445 00000138         ;*******************************************************
                       ************************
  446 00000138         ; User Stack and Heap initialization
  447 00000138         ;*******************************************************
                       ************************
  448 00000138                 IF               :DEF:__MICROLIB
  457 00000138         
  458 00000138                 IMPORT           __use_two_region_memory
  459 00000138                 EXPORT           __user_initial_stackheap
  460 00000138         __user_initial_stackheap
  461 00000138         
  462 00000138 480D            LDR              R0, =  Heap_Mem



ARM Macro Assembler    Page 11 


  463 0000013A 490E            LDR              R1, = (Stack_Mem + Stack_Size)
  464 0000013C 4A0C            LDR              R2, = (Heap_Mem + Heap_Size)
  465 0000013E 4B0E            LDR              R3, = Stack_Mem
  466 00000140 4770            BX               LR
  467 00000142         
  468 00000142 00 00           ALIGN
  469 00000144         
  470 00000144                 ENDIF
  471 00000144         
  472 00000144                 END
              00000000 
              00000000 
              00000000 
              40080300 
              40080180 
              20000000 
              05FA0004 
              E000ED00 
              40088100 
              00000001 
              00000000 
              00000000 
              00000C00 
              00000000 
Command Line: --debug --xref --diag_suppress=9931 --cpu=Cortex-M0+ --apcs=inter
work --depend=.\objects\startup_ht32f5xxxx_01.d -o.\objects\startup_ht32f5xxxx_
01.o -I.\RTE\_FlashLightOS -IC:\Keil_v5\ARM\PACK\Holtek\HT32_DFP\1.0.44\ARM\INC
\Holtek\HT32F5xxxx -IC:\Keil_v5\ARM\CMSIS\Include --predefine="__UVISION_VERSIO
N SETA 527" --predefine="USE_HT32F52342_52 SETA 1" --predefine="USE_HT32_CHIP S
ETA 4" --list=.\listings\startup_ht32f5xxxx_01.lst MDK-ARM\startup_ht32f5xxxx_0
1.s



ARM Macro Assembler    Page 1 Alphabetic symbol ordering
Relocatable symbols

STACK 00000000

Symbol: STACK
   Definitions
      At line 102 in file MDK-ARM\startup_ht32f5xxxx_01.s
   Uses
      None
Comment: STACK unused
Stack_Mem 00000000

Symbol: Stack_Mem
   Definitions
      At line 104 in file MDK-ARM\startup_ht32f5xxxx_01.s
   Uses
      At line 463 in file MDK-ARM\startup_ht32f5xxxx_01.s
      At line 465 in file MDK-ARM\startup_ht32f5xxxx_01.s

__HT_check_sp 00000000

Symbol: __HT_check_sp
   Definitions
      At line 103 in file MDK-ARM\startup_ht32f5xxxx_01.s
   Uses
      None
Comment: __HT_check_sp unused
__initial_sp 00000C00

Symbol: __initial_sp
   Definitions
      At line 105 in file MDK-ARM\startup_ht32f5xxxx_01.s
   Uses
      At line 126 in file MDK-ARM\startup_ht32f5xxxx_01.s
Comment: __initial_sp used once
4 symbols



ARM Macro Assembler    Page 1 Alphabetic symbol ordering
Relocatable symbols

HEAP 00000000

Symbol: HEAP
   Definitions
      At line 110 in file MDK-ARM\startup_ht32f5xxxx_01.s
   Uses
      None
Comment: HEAP unused
Heap_Mem 00000000

Symbol: Heap_Mem
   Definitions
      At line 113 in file MDK-ARM\startup_ht32f5xxxx_01.s
   Uses
      At line 462 in file MDK-ARM\startup_ht32f5xxxx_01.s
      At line 464 in file MDK-ARM\startup_ht32f5xxxx_01.s

__HT_check_heap 00000000

Symbol: __HT_check_heap
   Definitions
      At line 111 in file MDK-ARM\startup_ht32f5xxxx_01.s
   Uses
      None
Comment: __HT_check_heap unused
__heap_base 00000000

Symbol: __heap_base
   Definitions
      At line 112 in file MDK-ARM\startup_ht32f5xxxx_01.s
   Uses
      None
Comment: __heap_base unused
__heap_limit 00000000

Symbol: __heap_limit
   Definitions
      At line 114 in file MDK-ARM\startup_ht32f5xxxx_01.s
   Uses
      None
Comment: __heap_limit unused
5 symbols



ARM Macro Assembler    Page 1 Alphabetic symbol ordering
Relocatable symbols

ADC_IRQHandler 00000134

Symbol: ADC_IRQHandler
   Definitions
      At line 409 in file MDK-ARM\startup_ht32f5xxxx_01.s
   Uses
      At line 163 in file MDK-ARM\startup_ht32f5xxxx_01.s
      At line 369 in file MDK-ARM\startup_ht32f5xxxx_01.s

AES_IRQHandler 00000134

Symbol: AES_IRQHandler
   Definitions
      At line 436 in file MDK-ARM\startup_ht32f5xxxx_01.s
   Uses
      At line 396 in file MDK-ARM\startup_ht32f5xxxx_01.s
Comment: AES_IRQHandler used once
BFTM0_IRQHandler 00000134

Symbol: BFTM0_IRQHandler
   Definitions
      At line 419 in file MDK-ARM\startup_ht32f5xxxx_01.s
   Uses
      At line 200 in file MDK-ARM\startup_ht32f5xxxx_01.s
      At line 379 in file MDK-ARM\startup_ht32f5xxxx_01.s

BFTM1_IRQHandler 00000134

Symbol: BFTM1_IRQHandler
   Definitions
      At line 420 in file MDK-ARM\startup_ht32f5xxxx_01.s
   Uses
      At line 204 in file MDK-ARM\startup_ht32f5xxxx_01.s
      At line 380 in file MDK-ARM\startup_ht32f5xxxx_01.s

BP1 000000E6

Symbol: BP1
   Definitions
      At line 300 in file MDK-ARM\startup_ht32f5xxxx_01.s
   Uses
      At line 290 in file MDK-ARM\startup_ht32f5xxxx_01.s
      At line 293 in file MDK-ARM\startup_ht32f5xxxx_01.s
      At line 296 in file MDK-ARM\startup_ht32f5xxxx_01.s

BP2 000000FA

Symbol: BP2
   Definitions
      At line 310 in file MDK-ARM\startup_ht32f5xxxx_01.s
   Uses
      At line 299 in file MDK-ARM\startup_ht32f5xxxx_01.s
Comment: BP2 used once
BP3 00000110

Symbol: BP3
   Definitions
      At line 319 in file MDK-ARM\startup_ht32f5xxxx_01.s
   Uses



ARM Macro Assembler    Page 2 Alphabetic symbol ordering
Relocatable symbols

      At line 305 in file MDK-ARM\startup_ht32f5xxxx_01.s
      At line 307 in file MDK-ARM\startup_ht32f5xxxx_01.s
      At line 309 in file MDK-ARM\startup_ht32f5xxxx_01.s

BP4 0000011C

Symbol: BP4
   Definitions
      At line 325 in file MDK-ARM\startup_ht32f5xxxx_01.s
   Uses
      At line 323 in file MDK-ARM\startup_ht32f5xxxx_01.s
Comment: BP4 used once
BootProcess 000000CC

Symbol: BootProcess
   Definitions
      At line 286 in file MDK-ARM\startup_ht32f5xxxx_01.s
   Uses
      At line 278 in file MDK-ARM\startup_ht32f5xxxx_01.s
Comment: BootProcess used once
COMP_IRQHandler 00000134

Symbol: COMP_IRQHandler
   Definitions
      At line 408 in file MDK-ARM\startup_ht32f5xxxx_01.s
   Uses
      At line 156 in file MDK-ARM\startup_ht32f5xxxx_01.s
      At line 368 in file MDK-ARM\startup_ht32f5xxxx_01.s

Default_Handler 00000134

Symbol: Default_Handler
   Definitions
      At line 360 in file MDK-ARM\startup_ht32f5xxxx_01.s
   Uses
      None
Comment: Default_Handler unused
EVWUP_IRQHandler 00000134

Symbol: EVWUP_IRQHandler
   Definitions
      At line 404 in file MDK-ARM\startup_ht32f5xxxx_01.s
   Uses
      At line 151 in file MDK-ARM\startup_ht32f5xxxx_01.s
      At line 364 in file MDK-ARM\startup_ht32f5xxxx_01.s

EXTI0_1_IRQHandler 00000134

Symbol: EXTI0_1_IRQHandler
   Definitions
      At line 405 in file MDK-ARM\startup_ht32f5xxxx_01.s
   Uses
      At line 152 in file MDK-ARM\startup_ht32f5xxxx_01.s
      At line 365 in file MDK-ARM\startup_ht32f5xxxx_01.s

EXTI2_3_IRQHandler 00000134

Symbol: EXTI2_3_IRQHandler
   Definitions



ARM Macro Assembler    Page 3 Alphabetic symbol ordering
Relocatable symbols

      At line 406 in file MDK-ARM\startup_ht32f5xxxx_01.s
   Uses
      At line 153 in file MDK-ARM\startup_ht32f5xxxx_01.s
      At line 366 in file MDK-ARM\startup_ht32f5xxxx_01.s

EXTI4_15_IRQHandler 00000134

Symbol: EXTI4_15_IRQHandler
   Definitions
      At line 407 in file MDK-ARM\startup_ht32f5xxxx_01.s
   Uses
      At line 154 in file MDK-ARM\startup_ht32f5xxxx_01.s
      At line 367 in file MDK-ARM\startup_ht32f5xxxx_01.s

FLASH_IRQHandler 00000134

Symbol: FLASH_IRQHandler
   Definitions
      At line 403 in file MDK-ARM\startup_ht32f5xxxx_01.s
   Uses
      At line 150 in file MDK-ARM\startup_ht32f5xxxx_01.s
      At line 363 in file MDK-ARM\startup_ht32f5xxxx_01.s

GPTM0_IRQHandler 00000134

Symbol: GPTM0_IRQHandler
   Definitions
      At line 412 in file MDK-ARM\startup_ht32f5xxxx_01.s
   Uses
      At line 180 in file MDK-ARM\startup_ht32f5xxxx_01.s
      At line 372 in file MDK-ARM\startup_ht32f5xxxx_01.s

GPTM1_IRQHandler 00000134

Symbol: GPTM1_IRQHandler
   Definitions
      At line 411 in file MDK-ARM\startup_ht32f5xxxx_01.s
   Uses
      At line 176 in file MDK-ARM\startup_ht32f5xxxx_01.s
      At line 371 in file MDK-ARM\startup_ht32f5xxxx_01.s

HardFault_Handler 0000012C

Symbol: HardFault_Handler
   Definitions
      At line 340 in file MDK-ARM\startup_ht32f5xxxx_01.s
   Uses
      At line 129 in file MDK-ARM\startup_ht32f5xxxx_01.s
      At line 341 in file MDK-ARM\startup_ht32f5xxxx_01.s

I2C0_IRQHandler 00000134

Symbol: I2C0_IRQHandler
   Definitions
      At line 421 in file MDK-ARM\startup_ht32f5xxxx_01.s
   Uses
      At line 206 in file MDK-ARM\startup_ht32f5xxxx_01.s
      At line 381 in file MDK-ARM\startup_ht32f5xxxx_01.s




ARM Macro Assembler    Page 4 Alphabetic symbol ordering
Relocatable symbols

I2C1_IRQHandler 00000134

Symbol: I2C1_IRQHandler
   Definitions
      At line 422 in file MDK-ARM\startup_ht32f5xxxx_01.s
   Uses
      At line 210 in file MDK-ARM\startup_ht32f5xxxx_01.s
      At line 382 in file MDK-ARM\startup_ht32f5xxxx_01.s

I2C2_IRQHandler 00000134

Symbol: I2C2_IRQHandler
   Definitions
      At line 423 in file MDK-ARM\startup_ht32f5xxxx_01.s
   Uses
      At line 383 in file MDK-ARM\startup_ht32f5xxxx_01.s
Comment: I2C2_IRQHandler used once
I2S_IRQHandler 00000134

Symbol: I2S_IRQHandler
   Definitions
      At line 435 in file MDK-ARM\startup_ht32f5xxxx_01.s
   Uses
      At line 251 in file MDK-ARM\startup_ht32f5xxxx_01.s
      At line 395 in file MDK-ARM\startup_ht32f5xxxx_01.s

LVD_BOD_IRQHandler 00000134

Symbol: LVD_BOD_IRQHandler
   Definitions
      At line 401 in file MDK-ARM\startup_ht32f5xxxx_01.s
   Uses
      At line 144 in file MDK-ARM\startup_ht32f5xxxx_01.s
      At line 361 in file MDK-ARM\startup_ht32f5xxxx_01.s

MCTM0_IRQHandler 00000134

Symbol: MCTM0_IRQHandler
   Definitions
      At line 410 in file MDK-ARM\startup_ht32f5xxxx_01.s
   Uses
      At line 173 in file MDK-ARM\startup_ht32f5xxxx_01.s
      At line 370 in file MDK-ARM\startup_ht32f5xxxx_01.s

MIDI_IRQHandler 00000134

Symbol: MIDI_IRQHandler
   Definitions
      At line 434 in file MDK-ARM\startup_ht32f5xxxx_01.s
   Uses
      At line 394 in file MDK-ARM\startup_ht32f5xxxx_01.s
Comment: MIDI_IRQHandler used once
NMI_Handler 0000012A

Symbol: NMI_Handler
   Definitions
      At line 335 in file MDK-ARM\startup_ht32f5xxxx_01.s
   Uses
      At line 128 in file MDK-ARM\startup_ht32f5xxxx_01.s



ARM Macro Assembler    Page 5 Alphabetic symbol ordering
Relocatable symbols

      At line 336 in file MDK-ARM\startup_ht32f5xxxx_01.s

PDMA_CH0_1_IRQHandler 00000134

Symbol: PDMA_CH0_1_IRQHandler
   Definitions
      At line 438 in file MDK-ARM\startup_ht32f5xxxx_01.s
   Uses
      At line 269 in file MDK-ARM\startup_ht32f5xxxx_01.s
      At line 398 in file MDK-ARM\startup_ht32f5xxxx_01.s

PDMA_CH2_5_IRQHandler 00000134

Symbol: PDMA_CH2_5_IRQHandler
   Definitions
      At line 439 in file MDK-ARM\startup_ht32f5xxxx_01.s
   Uses
      At line 270 in file MDK-ARM\startup_ht32f5xxxx_01.s
      At line 399 in file MDK-ARM\startup_ht32f5xxxx_01.s

PWM0_IRQHandler 00000134

Symbol: PWM0_IRQHandler
   Definitions
      At line 417 in file MDK-ARM\startup_ht32f5xxxx_01.s
   Uses
      At line 377 in file MDK-ARM\startup_ht32f5xxxx_01.s
Comment: PWM0_IRQHandler used once
PWM1_IRQHandler 00000134

Symbol: PWM1_IRQHandler
   Definitions
      At line 418 in file MDK-ARM\startup_ht32f5xxxx_01.s
   Uses
      At line 378 in file MDK-ARM\startup_ht32f5xxxx_01.s
Comment: PWM1_IRQHandler used once
PendSV_Handler 00000130

Symbol: PendSV_Handler
   Definitions
      At line 350 in file MDK-ARM\startup_ht32f5xxxx_01.s
   Uses
      At line 140 in file MDK-ARM\startup_ht32f5xxxx_01.s
      At line 351 in file MDK-ARM\startup_ht32f5xxxx_01.s

QSPI_IRQHandler 00000134

Symbol: QSPI_IRQHandler
   Definitions
      At line 426 in file MDK-ARM\startup_ht32f5xxxx_01.s
   Uses
      At line 386 in file MDK-ARM\startup_ht32f5xxxx_01.s
Comment: QSPI_IRQHandler used once
RESET 00000000

Symbol: RESET
   Definitions
      At line 122 in file MDK-ARM\startup_ht32f5xxxx_01.s
   Uses



ARM Macro Assembler    Page 6 Alphabetic symbol ordering
Relocatable symbols

      None
Comment: RESET unused
RTC_IRQHandler 00000134

Symbol: RTC_IRQHandler
   Definitions
      At line 402 in file MDK-ARM\startup_ht32f5xxxx_01.s
   Uses
      At line 148 in file MDK-ARM\startup_ht32f5xxxx_01.s
      At line 362 in file MDK-ARM\startup_ht32f5xxxx_01.s

Reset_Handler 000000C0

Symbol: Reset_Handler
   Definitions
      At line 274 in file MDK-ARM\startup_ht32f5xxxx_01.s
   Uses
      At line 127 in file MDK-ARM\startup_ht32f5xxxx_01.s
      At line 275 in file MDK-ARM\startup_ht32f5xxxx_01.s

SCI_IRQHandler 00000134

Symbol: SCI_IRQHandler
   Definitions
      At line 433 in file MDK-ARM\startup_ht32f5xxxx_01.s
   Uses
      At line 239 in file MDK-ARM\startup_ht32f5xxxx_01.s
      At line 393 in file MDK-ARM\startup_ht32f5xxxx_01.s

SCTM0_IRQHandler 00000134

Symbol: SCTM0_IRQHandler
   Definitions
      At line 413 in file MDK-ARM\startup_ht32f5xxxx_01.s
   Uses
      At line 185 in file MDK-ARM\startup_ht32f5xxxx_01.s
      At line 373 in file MDK-ARM\startup_ht32f5xxxx_01.s

SCTM1_IRQHandler 00000134

Symbol: SCTM1_IRQHandler
   Definitions
      At line 414 in file MDK-ARM\startup_ht32f5xxxx_01.s
   Uses
      At line 186 in file MDK-ARM\startup_ht32f5xxxx_01.s
      At line 374 in file MDK-ARM\startup_ht32f5xxxx_01.s

SCTM2_IRQHandler 00000134

Symbol: SCTM2_IRQHandler
   Definitions
      At line 415 in file MDK-ARM\startup_ht32f5xxxx_01.s
   Uses
      At line 375 in file MDK-ARM\startup_ht32f5xxxx_01.s
Comment: SCTM2_IRQHandler used once
SCTM3_IRQHandler 00000134

Symbol: SCTM3_IRQHandler
   Definitions



ARM Macro Assembler    Page 7 Alphabetic symbol ordering
Relocatable symbols

      At line 416 in file MDK-ARM\startup_ht32f5xxxx_01.s
   Uses
      At line 376 in file MDK-ARM\startup_ht32f5xxxx_01.s
Comment: SCTM3_IRQHandler used once
SPI0_IRQHandler 00000134

Symbol: SPI0_IRQHandler
   Definitions
      At line 424 in file MDK-ARM\startup_ht32f5xxxx_01.s
   Uses
      At line 212 in file MDK-ARM\startup_ht32f5xxxx_01.s
      At line 384 in file MDK-ARM\startup_ht32f5xxxx_01.s

SPI1_IRQHandler 00000134

Symbol: SPI1_IRQHandler
   Definitions
      At line 425 in file MDK-ARM\startup_ht32f5xxxx_01.s
   Uses
      At line 219 in file MDK-ARM\startup_ht32f5xxxx_01.s
      At line 385 in file MDK-ARM\startup_ht32f5xxxx_01.s

SVC_Handler 0000012E

Symbol: SVC_Handler
   Definitions
      At line 345 in file MDK-ARM\startup_ht32f5xxxx_01.s
   Uses
      At line 137 in file MDK-ARM\startup_ht32f5xxxx_01.s
      At line 346 in file MDK-ARM\startup_ht32f5xxxx_01.s

SysTick_Handler 00000132

Symbol: SysTick_Handler
   Definitions
      At line 355 in file MDK-ARM\startup_ht32f5xxxx_01.s
   Uses
      At line 141 in file MDK-ARM\startup_ht32f5xxxx_01.s
      At line 356 in file MDK-ARM\startup_ht32f5xxxx_01.s

UART0_IRQHandler 00000134

Symbol: UART0_IRQHandler
   Definitions
      At line 429 in file MDK-ARM\startup_ht32f5xxxx_01.s
   Uses
      At line 232 in file MDK-ARM\startup_ht32f5xxxx_01.s
      At line 389 in file MDK-ARM\startup_ht32f5xxxx_01.s

UART1_IRQHandler 00000134

Symbol: UART1_IRQHandler
   Definitions
      At line 430 in file MDK-ARM\startup_ht32f5xxxx_01.s
   Uses
      At line 236 in file MDK-ARM\startup_ht32f5xxxx_01.s
      At line 390 in file MDK-ARM\startup_ht32f5xxxx_01.s

UART2_IRQHandler 00000134



ARM Macro Assembler    Page 8 Alphabetic symbol ordering
Relocatable symbols


Symbol: UART2_IRQHandler
   Definitions
      At line 431 in file MDK-ARM\startup_ht32f5xxxx_01.s
   Uses
      At line 391 in file MDK-ARM\startup_ht32f5xxxx_01.s
Comment: UART2_IRQHandler used once
UART3_IRQHandler 00000134

Symbol: UART3_IRQHandler
   Definitions
      At line 432 in file MDK-ARM\startup_ht32f5xxxx_01.s
   Uses
      At line 392 in file MDK-ARM\startup_ht32f5xxxx_01.s
Comment: UART3_IRQHandler used once
USART0_IRQHandler 00000134

Symbol: USART0_IRQHandler
   Definitions
      At line 427 in file MDK-ARM\startup_ht32f5xxxx_01.s
   Uses
      At line 225 in file MDK-ARM\startup_ht32f5xxxx_01.s
      At line 387 in file MDK-ARM\startup_ht32f5xxxx_01.s

USART1_IRQHandler 00000134

Symbol: USART1_IRQHandler
   Definitions
      At line 428 in file MDK-ARM\startup_ht32f5xxxx_01.s
   Uses
      At line 228 in file MDK-ARM\startup_ht32f5xxxx_01.s
      At line 388 in file MDK-ARM\startup_ht32f5xxxx_01.s

USB_IRQHandler 00000134

Symbol: USB_IRQHandler
   Definitions
      At line 437 in file MDK-ARM\startup_ht32f5xxxx_01.s
   Uses
      At line 263 in file MDK-ARM\startup_ht32f5xxxx_01.s
      At line 397 in file MDK-ARM\startup_ht32f5xxxx_01.s

__Vectors 00000000

Symbol: __Vectors
   Definitions
      At line 125 in file MDK-ARM\startup_ht32f5xxxx_01.s
   Uses
      At line 123 in file MDK-ARM\startup_ht32f5xxxx_01.s
Comment: __Vectors used once
__user_initial_stackheap 00000138

Symbol: __user_initial_stackheap
   Definitions
      At line 460 in file MDK-ARM\startup_ht32f5xxxx_01.s
   Uses
      At line 459 in file MDK-ARM\startup_ht32f5xxxx_01.s
Comment: __user_initial_stackheap used once
54 symbols



ARM Macro Assembler    Page 1 Alphabetic symbol ordering
Absolute symbols

HT32F0006 0000000A

Symbol: HT32F0006
   Definitions
      At line 79 in file MDK-ARM\startup_ht32f5xxxx_01.s
   Uses
      At line 170 in file MDK-ARM\startup_ht32f5xxxx_01.s
      At line 188 in file MDK-ARM\startup_ht32f5xxxx_01.s
      At line 207 in file MDK-ARM\startup_ht32f5xxxx_01.s
      At line 216 in file MDK-ARM\startup_ht32f5xxxx_01.s
      At line 233 in file MDK-ARM\startup_ht32f5xxxx_01.s
      At line 244 in file MDK-ARM\startup_ht32f5xxxx_01.s
      At line 250 in file MDK-ARM\startup_ht32f5xxxx_01.s
      At line 262 in file MDK-ARM\startup_ht32f5xxxx_01.s
      At line 268 in file MDK-ARM\startup_ht32f5xxxx_01.s

HT32F0008 00000006

Symbol: HT32F0008
   Definitions
      At line 77 in file MDK-ARM\startup_ht32f5xxxx_01.s
   Uses
      At line 160 in file MDK-ARM\startup_ht32f5xxxx_01.s
      At line 170 in file MDK-ARM\startup_ht32f5xxxx_01.s
      At line 181 in file MDK-ARM\startup_ht32f5xxxx_01.s
      At line 192 in file MDK-ARM\startup_ht32f5xxxx_01.s
      At line 207 in file MDK-ARM\startup_ht32f5xxxx_01.s
      At line 213 in file MDK-ARM\startup_ht32f5xxxx_01.s
      At line 233 in file MDK-ARM\startup_ht32f5xxxx_01.s
      At line 247 in file MDK-ARM\startup_ht32f5xxxx_01.s
      At line 259 in file MDK-ARM\startup_ht32f5xxxx_01.s
      At line 262 in file MDK-ARM\startup_ht32f5xxxx_01.s
      At line 268 in file MDK-ARM\startup_ht32f5xxxx_01.s

HT32F52220_30 00000001

Symbol: HT32F52220_30
   Definitions
      At line 72 in file MDK-ARM\startup_ht32f5xxxx_01.s
   Uses
      At line 145 in file MDK-ARM\startup_ht32f5xxxx_01.s
      At line 170 in file MDK-ARM\startup_ht32f5xxxx_01.s
      At line 196 in file MDK-ARM\startup_ht32f5xxxx_01.s
      At line 201 in file MDK-ARM\startup_ht32f5xxxx_01.s
      At line 207 in file MDK-ARM\startup_ht32f5xxxx_01.s
      At line 213 in file MDK-ARM\startup_ht32f5xxxx_01.s
      At line 233 in file MDK-ARM\startup_ht32f5xxxx_01.s

HT32F52231_41 00000002

Symbol: HT32F52231_41
   Definitions
      At line 73 in file MDK-ARM\startup_ht32f5xxxx_01.s
   Uses
      At line 188 in file MDK-ARM\startup_ht32f5xxxx_01.s
Comment: HT32F52231_41 used once
HT32F52243_53 00000005

Symbol: HT32F52243_53



ARM Macro Assembler    Page 2 Alphabetic symbol ordering
Absolute symbols

   Definitions
      At line 76 in file MDK-ARM\startup_ht32f5xxxx_01.s
   Uses
      At line 165 in file MDK-ARM\startup_ht32f5xxxx_01.s
      At line 188 in file MDK-ARM\startup_ht32f5xxxx_01.s
      At line 227 in file MDK-ARM\startup_ht32f5xxxx_01.s
      At line 241 in file MDK-ARM\startup_ht32f5xxxx_01.s
      At line 256 in file MDK-ARM\startup_ht32f5xxxx_01.s
      At line 265 in file MDK-ARM\startup_ht32f5xxxx_01.s
      At line 268 in file MDK-ARM\startup_ht32f5xxxx_01.s

HT32F52331_41 00000003

Symbol: HT32F52331_41
   Definitions
      At line 74 in file MDK-ARM\startup_ht32f5xxxx_01.s
   Uses
      At line 188 in file MDK-ARM\startup_ht32f5xxxx_01.s
      At line 238 in file MDK-ARM\startup_ht32f5xxxx_01.s
      At line 253 in file MDK-ARM\startup_ht32f5xxxx_01.s
      At line 262 in file MDK-ARM\startup_ht32f5xxxx_01.s

HT32F52342_52 00000004

Symbol: HT32F52342_52
   Definitions
      At line 75 in file MDK-ARM\startup_ht32f5xxxx_01.s
   Uses
      At line 155 in file MDK-ARM\startup_ht32f5xxxx_01.s
      At line 175 in file MDK-ARM\startup_ht32f5xxxx_01.s
      At line 196 in file MDK-ARM\startup_ht32f5xxxx_01.s
      At line 227 in file MDK-ARM\startup_ht32f5xxxx_01.s
      At line 238 in file MDK-ARM\startup_ht32f5xxxx_01.s
      At line 250 in file MDK-ARM\startup_ht32f5xxxx_01.s
      At line 262 in file MDK-ARM\startup_ht32f5xxxx_01.s
      At line 268 in file MDK-ARM\startup_ht32f5xxxx_01.s

HT32F52344_54 00000009

Symbol: HT32F52344_54
   Definitions
      At line 78 in file MDK-ARM\startup_ht32f5xxxx_01.s
   Uses
      At line 155 in file MDK-ARM\startup_ht32f5xxxx_01.s
      At line 196 in file MDK-ARM\startup_ht32f5xxxx_01.s
      At line 207 in file MDK-ARM\startup_ht32f5xxxx_01.s
      At line 222 in file MDK-ARM\startup_ht32f5xxxx_01.s
      At line 247 in file MDK-ARM\startup_ht32f5xxxx_01.s
      At line 253 in file MDK-ARM\startup_ht32f5xxxx_01.s
      At line 262 in file MDK-ARM\startup_ht32f5xxxx_01.s
      At line 268 in file MDK-ARM\startup_ht32f5xxxx_01.s

HT32F61352 0000000A

Symbol: HT32F61352
   Definitions
      At line 80 in file MDK-ARM\startup_ht32f5xxxx_01.s
   Uses
      None



ARM Macro Assembler    Page 3 Alphabetic symbol ordering
Absolute symbols

Comment: HT32F61352 unused
HT32F67232 00000001

Symbol: HT32F67232
   Definitions
      At line 83 in file MDK-ARM\startup_ht32f5xxxx_01.s
   Uses
      None
Comment: HT32F67232 unused
HT32F67233 00000001

Symbol: HT32F67233
   Definitions
      At line 84 in file MDK-ARM\startup_ht32f5xxxx_01.s
   Uses
      None
Comment: HT32F67233 unused
HT32F67741 00000002

Symbol: HT32F67741
   Definitions
      At line 82 in file MDK-ARM\startup_ht32f5xxxx_01.s
   Uses
      None
Comment: HT32F67741 unused
HT50F32003 00000004

Symbol: HT50F32003
   Definitions
      At line 81 in file MDK-ARM\startup_ht32f5xxxx_01.s
   Uses
      None
Comment: HT50F32003 unused
Heap_Size 00000000

Symbol: Heap_Size
   Definitions
      At line 108 in file MDK-ARM\startup_ht32f5xxxx_01.s
   Uses
      At line 113 in file MDK-ARM\startup_ht32f5xxxx_01.s
      At line 464 in file MDK-ARM\startup_ht32f5xxxx_01.s

Stack_Size 00000C00

Symbol: Stack_Size
   Definitions
      At line 100 in file MDK-ARM\startup_ht32f5xxxx_01.s
   Uses
      At line 104 in file MDK-ARM\startup_ht32f5xxxx_01.s
      At line 463 in file MDK-ARM\startup_ht32f5xxxx_01.s

USE_HT32_CHIP_SET 00000000

Symbol: USE_HT32_CHIP_SET
   Definitions
      At line 49 in file MDK-ARM\startup_ht32f5xxxx_01.s
   Uses
      At line 86 in file MDK-ARM\startup_ht32f5xxxx_01.s
Comment: USE_HT32_CHIP_SET used once



ARM Macro Assembler    Page 4 Alphabetic symbol ordering
Absolute symbols

_HT32FWID FFFFFFFF

Symbol: _HT32FWID
   Definitions
      At line 51 in file MDK-ARM\startup_ht32f5xxxx_01.s
   Uses
      At line 134 in file MDK-ARM\startup_ht32f5xxxx_01.s
Comment: _HT32FWID used once
_RESERVED FFFFFFFF

Symbol: _RESERVED
   Definitions
      At line 124 in file MDK-ARM\startup_ht32f5xxxx_01.s
   Uses
      At line 130 in file MDK-ARM\startup_ht32f5xxxx_01.s
      At line 131 in file MDK-ARM\startup_ht32f5xxxx_01.s
      At line 132 in file MDK-ARM\startup_ht32f5xxxx_01.s
      At line 133 in file MDK-ARM\startup_ht32f5xxxx_01.s
      At line 135 in file MDK-ARM\startup_ht32f5xxxx_01.s
      At line 136 in file MDK-ARM\startup_ht32f5xxxx_01.s
      At line 138 in file MDK-ARM\startup_ht32f5xxxx_01.s
      At line 139 in file MDK-ARM\startup_ht32f5xxxx_01.s
      At line 168 in file MDK-ARM\startup_ht32f5xxxx_01.s
      At line 197 in file MDK-ARM\startup_ht32f5xxxx_01.s
      At line 198 in file MDK-ARM\startup_ht32f5xxxx_01.s

18 symbols



ARM Macro Assembler    Page 1 Alphabetic symbol ordering
External symbols

SystemInit 00000000

Symbol: SystemInit
   Definitions
      At line 276 in file MDK-ARM\startup_ht32f5xxxx_01.s
   Uses
      At line 280 in file MDK-ARM\startup_ht32f5xxxx_01.s
Comment: SystemInit used once
__main 00000000

Symbol: __main
   Definitions
      At line 277 in file MDK-ARM\startup_ht32f5xxxx_01.s
   Uses
      At line 282 in file MDK-ARM\startup_ht32f5xxxx_01.s
Comment: __main used once
__use_two_region_memory 00000000

Symbol: __use_two_region_memory
   Definitions
      At line 458 in file MDK-ARM\startup_ht32f5xxxx_01.s
   Uses
      None
Comment: __use_two_region_memory unused
3 symbols
421 symbols in table
